<?xml version="1.0" encoding="UTF-8"?>
<!-- Generated by org.testng.reporters.JUnitReportReporter -->
<testsuite hostname="Mokshi" failures="0" tests="2" name="com.example.LoginPageTests" time="17.046" errors="0" timestamp="2024-03-19T01:18:18 CDT" skipped="0">
  <testcase classname="com.example.LoginPageTests" name="validLogin" time="10.377"/>
  <system-out/>
  <testcase classname="com.example.LoginPageTests" name="invalidCredentials" time="6.669"/>
  <system-out/>
</testsuite> <!-- com.example.LoginPageTests -->
